[]
14665 0 0 
Statistic {
    case: 6s400rb07819.aag,
    time: 1.18s,
    num_blocked: 0,
    num_mic: 0,
    num_solver_restart: 0,
    num_down_blocked: 0,
    mic_drop: success: 0, fail: 0, success rate: NaN%,
    num_ctg_down: 0,
    num_get_bad_state: 0,
    average_mic_cube_len: NaN,
    simple_mic_time: 0ns,
    mic_time: 0ns,
    blocked_check_time: 0ns,
    overall_block_time: 206.939282ms,
    overall_propagate_time: 77.97515ms,
}
result: true
[0, 1, 1, 2, 1, 2]
277 13 18 35 57 91 
Statistic {
    case: csmacdp2.aag,
    time: 9.56s,
    num_blocked: 1915,
    num_mic: 269,
    num_solver_restart: 0,
    num_down_blocked: 374,
    mic_drop: success: 207, fail: 566, success rate: 26.78%,
    num_ctg_down: 355,
    num_get_bad_state: 110,
    average_mic_cube_len: 3.00,
    simple_mic_time: 1.722756355s,
    mic_time: 6.955845567s,
    blocked_check_time: 7.876876011s,
    overall_block_time: 4.056408302s,
    overall_propagate_time: 1.167142203s,
}
result: false
[0, 0, 0, 0, 0, 0, 0, 0, 0, 0, 0, 0, 0, 0, 0, 0, 0, 0, 0, 0, 0, 0, 0, 0, 0, 0, 0]
74 5 15 13 8 14 5 30 34 73 53 48 41 65 49 48 37 18 8 6 10 5 0 6 19 65 102 0 
Statistic {
    case: bob3.aag,
    time: 10.64s,
    num_blocked: 23390,
    num_mic: 1679,
    num_solver_restart: 10,
    num_down_blocked: 2235,
    mic_drop: success: 1559, fail: 4435, success rate: 26.01%,
    num_ctg_down: 3416,
    num_get_bad_state: 33,
    average_mic_cube_len: 3.87,
    simple_mic_time: 1.015723627s,
    mic_time: 5.192569916s,
    blocked_check_time: 9.883630601s,
    overall_block_time: 6.095482587s,
    overall_propagate_time: 4.525028671s,
}
result: true
[0, 1, 1, 1, 1, 1, 2, 11]
38 5 6 8 14 31 18 19 
Statistic {
    case: bj08amba2g4f3.aag,
    time: 11.98s,
    num_blocked: 1071,
    num_mic: 137,
    num_solver_restart: 0,
    num_down_blocked: 181,
    mic_drop: success: 144, fail: 353, success rate: 28.97%,
    num_ctg_down: 274,
    num_get_bad_state: 4,
    average_mic_cube_len: 3.74,
    simple_mic_time: 1.780101982s,
    mic_time: 8.894673382s,
    blocked_check_time: 11.007349626s,
    overall_block_time: 1.701153125s,
    overall_propagate_time: 527.815198ms,
}
result: false
[0, 0, 0, 0, 0, 0, 0, 0, 0, 0, 0, 0, 0, 0, 0, 0, 0, 0, 0, 0, 0, 0, 0, 0, 0, 0, 0, 0, 0, 0, 0, 0, 0]
90 2 2 3 2 2 6 5 4 8 8 8 6 10 12 9 3 6 14 25 27 51 78 39 32 29 35 19 14 12 2 0 210 0 
Statistic {
    case: pdtpmsretherrtf.aag,
    time: 16.06s,
    num_blocked: 23866,
    num_mic: 1726,
    num_solver_restart: 9,
    num_down_blocked: 1757,
    mic_drop: success: 1374, fail: 4090, success rate: 25.15%,
    num_ctg_down: 3513,
    num_get_bad_state: 376,
    average_mic_cube_len: 3.38,
    simple_mic_time: 1.217733821s,
    mic_time: 6.85426728s,
    blocked_check_time: 14.716349608s,
    overall_block_time: 8.411603066s,
    overall_propagate_time: 7.603671126s,
}
result: true
[0, 0, 0]
28643 0 11 0 
Statistic {
    case: 6s206rb103.aag,
    time: 9.91s,
    num_blocked: 41,
    num_mic: 16,
    num_solver_restart: 0,
    num_down_blocked: 3,
    mic_drop: success: 4, fail: 16, success rate: 20.00%,
    num_ctg_down: 14,
    num_get_bad_state: 8,
    average_mic_cube_len: 1.25,
    simple_mic_time: 102.134µs,
    mic_time: 1.63811748s,
    blocked_check_time: 3.728567743s,
    overall_block_time: 7.337038322s,
    overall_propagate_time: 1.010428061s,
}
result: true
[0, 1, 1, 1, 1, 1, 1, 1, 1, 1, 2, 2, 6, 4, 3, 1, 1, 3]
79 5 16 20 28 28 26 34 45 54 61 41 37 33 37 44 66 151 
Statistic {
    case: abp4p2ff.aag,
    time: 20.39s,
    num_blocked: 17920,
    num_mic: 968,
    num_solver_restart: 11,
    num_down_blocked: 2995,
    mic_drop: success: 1362, fail: 4588, success rate: 22.89%,
    num_ctg_down: 2931,
    num_get_bad_state: 171,
    average_mic_cube_len: 6.58,
    simple_mic_time: 3.104142269s,
    mic_time: 15.522348574s,
    blocked_check_time: 18.408470356s,
    overall_block_time: 14.379977614s,
    overall_propagate_time: 3.634557613s,
}
result: false
[0, 1]
25715 0 
Statistic {
    case: oski15a01b57s.aag,
    time: 20.65s,
    num_blocked: 1,
    num_mic: 0,
    num_solver_restart: 0,
    num_down_blocked: 0,
    mic_drop: success: 0, fail: 0, success rate: NaN%,
    num_ctg_down: 0,
    num_get_bad_state: 1,
    average_mic_cube_len: NaN,
    simple_mic_time: 0ns,
    mic_time: 0ns,
    blocked_check_time: 8.882129022s,
    overall_block_time: 348.759772ms,
    overall_propagate_time: 421ns,
}
result: false
[0, 0, 0, 0, 0, 0, 0, 0, 0]
3201 8 2 2 2 2 3 2 0 120 
Statistic {
    case: 6s276rb342.aag,
    time: 42.49s,
    num_blocked: 1653,
    num_mic: 166,
    num_solver_restart: 0,
    num_down_blocked: 0,
    mic_drop: success: 44, fail: 516, success rate: 7.86%,
    num_ctg_down: 560,
    num_get_bad_state: 8,
    average_mic_cube_len: 3.41,
    simple_mic_time: 0ns,
    mic_time: 31.243256027s,
    blocked_check_time: 38.613819973s,
    overall_block_time: 39.381345872s,
    overall_propagate_time: 2.572647742s,
}
result: true
[0, 0, 0, 0, 0, 0, 0, 0, 0, 0, 0, 0, 0, 0, 0, 0, 0, 0, 0, 0, 0]
1094 1 1 2 2 2 1 1 1 1 1 1 1 2 1 2 2 4 2 0 15 0 
Statistic {
    case: neclaftp4002.aag,
    time: 43.89s,
    num_blocked: 3913,
    num_mic: 333,
    num_solver_restart: 0,
    num_down_blocked: 1123,
    mic_drop: success: 649, fail: 1129, success rate: 36.50%,
    num_ctg_down: 616,
    num_get_bad_state: 13,
    average_mic_cube_len: 5.61,
    simple_mic_time: 13.749566191s,
    mic_time: 34.959276279s,
    blocked_check_time: 41.696752815s,
    overall_block_time: 37.582315235s,
    overall_propagate_time: 5.888882839s,
}
result: true
[0, 1, 1, 1, 1]
386 33 97 258 293 
Statistic {
    case: 139444p22.aag,
    time: 47.22s,
    num_blocked: 6751,
    num_mic: 726,
    num_solver_restart: 5,
    num_down_blocked: 1811,
    mic_drop: success: 733, fail: 2637, success rate: 21.75%,
    num_ctg_down: 1496,
    num_get_bad_state: 319,
    average_mic_cube_len: 4.94,
    simple_mic_time: 12.38928003s,
    mic_time: 40.05555308s,
    blocked_check_time: 40.972831509s,
    overall_block_time: 24.961319657s,
    overall_propagate_time: 3.351062554s,
}
result: false
[0, 0, 0, 0, 0, 0, 0, 0, 0, 0, 0, 0, 0, 0, 0, 0, 0, 0, 0, 0, 0, 0, 0, 0, 0, 0, 0, 0, 0, 0, 0, 0, 0, 0, 0, 0, 0, 0, 0]
440 4 1 2 1 6 2 1 1 3 4 6 9 5 6 9 10 12 12 10 9 11 6 12 9 10 4 3 2 1 1 0 1 1 0 0 0 0 66 0 
Statistic {
    case: neclatcas1a001.aag,
    time: 49.94s,
    num_blocked: 12282,
    num_mic: 618,
    num_solver_restart: 0,
    num_down_blocked: 1446,
    mic_drop: success: 1251, fail: 2426, success rate: 34.02%,
    num_ctg_down: 2191,
    num_get_bad_state: 25,
    average_mic_cube_len: 6.42,
    simple_mic_time: 6.102189815s,
    mic_time: 36.503048372s,
    blocked_check_time: 47.213208516s,
    overall_block_time: 40.892799421s,
    overall_propagate_time: 8.777715114s,
}
result: true
[0, 0, 0]
26324 10 0 30 
Statistic {
    case: 6s374b114.aag,
    time: 45.13s,
    num_blocked: 235,
    num_mic: 48,
    num_solver_restart: 0,
    num_down_blocked: 0,
    mic_drop: success: 33, fail: 86, success rate: 27.73%,
    num_ctg_down: 119,
    num_get_bad_state: 4,
    average_mic_cube_len: 2.48,
    simple_mic_time: 0ns,
    mic_time: 12.989330009s,
    blocked_check_time: 38.181389208s,
    overall_block_time: 36.617486369s,
    overall_propagate_time: 6.175769377s,
}
result: true
[0, 0, 0, 0, 0, 0, 0, 0, 0, 0, 0, 0, 0, 0, 0, 0, 0, 0, 0]
77 12 15 37 92 160 453 513 363 314 112 76 50 50 64 28 17 9 0 416 
Statistic {
    case: boblivear.aag,
    time: 64.55s,
    num_blocked: 77595,
    num_mic: 3219,
    num_solver_restart: 69,
    num_down_blocked: 15717,
    mic_drop: success: 7258, fail: 18359, success rate: 28.33%,
    num_ctg_down: 9684,
    num_get_bad_state: 352,
    average_mic_cube_len: 8.45,
    simple_mic_time: 11.395849346s,
    mic_time: 35.911451206s,
    blocked_check_time: 60.373396523s,
    overall_block_time: 37.655540107s,
    overall_propagate_time: 26.870081786s,
}
result: true
[0, 0, 0, 0, 0, 0, 0]
5468 5 6 8 8 13 0 92 
Statistic {
    case: 6s403rb1342.aag,
    time: 66.71s,
    num_blocked: 1185,
    num_mic: 142,
    num_solver_restart: 0,
    num_down_blocked: 21,
    mic_drop: success: 85, fail: 270, success rate: 23.94%,
    num_ctg_down: 321,
    num_get_bad_state: 61,
    average_mic_cube_len: 2.51,
    simple_mic_time: 1.089679986s,
    mic_time: 37.170672568s,
    blocked_check_time: 57.30425021s,
    overall_block_time: 53.246445952s,
    overall_propagate_time: 12.365297988s,
}
result: true
[0, 0, 0, 0, 0]
3196 61 15 0 141 0 
Statistic {
    case: 6s275rb318.aag,
    time: 73.99s,
    num_blocked: 2728,
    num_mic: 314,
    num_solver_restart: 1,
    num_down_blocked: 22,
    mic_drop: success: 173, fail: 975, success rate: 15.07%,
    num_ctg_down: 1109,
    num_get_bad_state: 8,
    average_mic_cube_len: 3.74,
    simple_mic_time: 667.360286ms,
    mic_time: 57.209702094s,
    blocked_check_time: 68.931026523s,
    overall_block_time: 69.781117318s,
    overall_propagate_time: 3.912364328s,
}
result: true
[0, 0, 0, 0, 0, 0, 0, 0]
10602 2 2 2 7 12 0 18 0 
Statistic {
    case: 6s271rb079.aag,
    time: 85.39s,
    num_blocked: 516,
    num_mic: 55,
    num_solver_restart: 0,
    num_down_blocked: 35,
    mic_drop: success: 42, fail: 144, success rate: 22.58%,
    num_ctg_down: 142,
    num_get_bad_state: 16,
    average_mic_cube_len: 3.64,
    simple_mic_time: 6.196093747s,
    mic_time: 49.85319193s,
    blocked_check_time: 69.572644834s,
    overall_block_time: 64.726544862s,
    overall_propagate_time: 17.699040051s,
}
result: true
[0, 1, 1, 1, 1, 1, 1, 1, 1, 2, 3, 2, 33, 59, 13]
1069 5 13 14 25 33 59 68 61 89 85 116 55 13 175 
Statistic {
    case: 6s216rb0.aag,
    time: 94.95s,
    num_blocked: 11690,
    num_mic: 1131,
    num_solver_restart: 6,
    num_down_blocked: 634,
    mic_drop: success: 635, fail: 3053, success rate: 17.22%,
    num_ctg_down: 3017,
    num_get_bad_state: 8,
    average_mic_cube_len: 3.45,
    simple_mic_time: 5.556611203s,
    mic_time: 63.602797325s,
    blocked_check_time: 85.17605369s,
    overall_block_time: 12.513947542s,
    overall_propagate_time: 6.307053853s,
}
result: false
[0, 0, 0, 0, 0, 0, 0, 0, 0, 0, 0, 0, 0, 0, 0, 0, 0, 0, 0, 0, 0, 0, 0, 0, 0, 0, 0, 0, 0, 0, 0, 0, 0, 0, 0, 0, 0, 0, 0]
260 84 100 49 21 48 20 5 10 20 30 29 20 16 16 4 3 17 7 9 3 4 8 7 16 4 6 4 20 23 71 45 51 11 20 6 4 3 0 644 
Statistic {
    case: bobsmi2c.aag,
    time: 107.70s,
    num_blocked: 61964,
    num_mic: 3211,
    num_solver_restart: 40,
    num_down_blocked: 1759,
    mic_drop: success: 2973, fail: 7935, success rate: 27.26%,
    num_ctg_down: 8971,
    num_get_bad_state: 254,
    average_mic_cube_len: 3.70,
    simple_mic_time: 4.464795067s,
    mic_time: 48.842200894s,
    blocked_check_time: 100.065749402s,
    overall_block_time: 62.947349091s,
    overall_propagate_time: 44.575081829s,
}
result: true
[0, 0, 0, 0, 0, 0, 0, 0, 0, 0, 0, 0, 0, 0, 0, 0, 0, 0, 0, 0, 0, 0, 0, 0, 0, 0, 0, 0, 0, 0, 0, 0, 0, 0, 0, 0, 0, 0, 0, 0, 0, 0, 0, 0, 0, 0, 0, 0, 0, 0, 0, 0, 0, 0, 0, 0]
57 6 10 7 8 6 11 19 20 20 23 26 28 35 32 37 45 37 26 30 16 7 14 15 12 15 8 25 9 10 14 7 5 4 2 2 2 4 5 21 4 7 6 1 5 3 3 2 6 5 2 4 1 3 1 1 0 339 
Statistic {
    case: eijks444.aag,
    time: 115.51s,
    num_blocked: 311567,
    num_mic: 12839,
    num_solver_restart: 285,
    num_down_blocked: 34179,
    mic_drop: success: 19921, fail: 92457, success rate: 17.73%,
    num_ctg_down: 77901,
    num_get_bad_state: 155,
    average_mic_cube_len: 9.12,
    simple_mic_time: 12.017525479s,
    mic_time: 101.11024159s,
    blocked_check_time: 103.282348257s,
    overall_block_time: 107.890904086s,
    overall_propagate_time: 7.582819124s,
}
result: true
[0, 1, 1, 1, 1, 1, 1, 1, 1, 4, 2, 2, 2, 1, 7, 9, 1, 2, 53, 16, 4, 2, 1, 1, 1, 1, 1, 153, 13, 2]
245 6 13 20 26 27 32 35 42 54 58 57 60 68 69 79 102 89 52 45 68 107 160 162 184 248 177 14 5 13 
Statistic {
    case: irstdme6.aag,
    time: 115.67s,
    num_blocked: 57477,
    num_mic: 4763,
    num_solver_restart: 45,
    num_down_blocked: 6950,
    mic_drop: success: 3968, fail: 18474, success rate: 17.68%,
    num_ctg_down: 15030,
    num_get_bad_state: 11,
    average_mic_cube_len: 4.88,
    simple_mic_time: 13.693828168s,
    mic_time: 98.080502906s,
    blocked_check_time: 105.812233246s,
    overall_block_time: 40.676268584s,
    overall_propagate_time: 3.82665658s,
}
result: false
[0, 1, 10, 5, 1, 1, 1, 1, 1, 2, 11]
4377 72 49 15 6 11 12 18 60 59 163 
Statistic {
    case: mentorbm1and.aag,
    time: 122.19s,
    num_blocked: 6479,
    num_mic: 682,
    num_solver_restart: 1,
    num_down_blocked: 702,
    mic_drop: success: 509, fail: 1593, success rate: 24.22%,
    num_ctg_down: 1302,
    num_get_bad_state: 41,
    average_mic_cube_len: 3.23,
    simple_mic_time: 14.814580702s,
    mic_time: 77.07535589s,
    blocked_check_time: 112.641420027s,
    overall_block_time: 89.163493183s,
    overall_propagate_time: 19.09854704s,
}
result: false
[0, 0, 0, 0, 0, 0, 0, 0, 0, 0, 0, 0, 0, 0, 0, 0, 0, 0, 0, 0]
313 5 13 8 43 16 68 89 74 81 109 110 102 53 27 2 5 0 51 336 0 
Statistic {
    case: intel061.aag,
    time: 132.07s,
    num_blocked: 36803,
    num_mic: 2492,
    num_solver_restart: 28,
    num_down_blocked: 11682,
    mic_drop: success: 4525, fail: 11513, success rate: 28.21%,
    num_ctg_down: 4164,
    num_get_bad_state: 10,
    average_mic_cube_len: 6.63,
    simple_mic_time: 41.90020359s,
    mic_time: 103.461404071s,
    blocked_check_time: 122.931950417s,
    overall_block_time: 110.207697689s,
    overall_propagate_time: 21.735312788s,
}
result: true
[0, 0, 0, 0, 0, 0, 0, 0, 0, 0, 0, 0, 0, 0, 0, 0, 0, 0, 0, 0]
306 7 25 32 105 130 98 52 55 83 75 82 104 49 53 40 16 4 2 1 0 390 
Statistic {
    case: intel056.aag,
    time: 145.59s,
    num_blocked: 47718,
    num_mic: 2831,
    num_solver_restart: 35,
    num_down_blocked: 12383,
    mic_drop: success: 5377, fail: 13621, success rate: 28.30%,
    num_ctg_down: 6373,
    num_get_bad_state: 14,
    average_mic_cube_len: 7.04,
    simple_mic_time: 39.107346779s,
    mic_time: 109.012697639s,
    blocked_check_time: 135.289970721s,
    overall_block_time: 116.678460433s,
    overall_propagate_time: 28.788613622s,
}
result: true
[0, 0, 0, 0, 0, 0, 0, 0, 0, 0, 0, 0, 0, 0, 0, 0, 0, 0, 0, 0, 0, 0, 0, 0, 0, 0, 0, 0, 0, 0, 0, 0, 0, 0, 0, 0, 0, 0, 0, 0, 0, 0, 0, 0, 0, 0, 0, 0, 0, 0, 0]
49 1 1 2 3 3 1 1 2 4 8 5 4 11 15 3 2 3 41 17 7 3 3 17 9 2 1 1 35 26 2 17 31 14 13 10 4 16 22 30 14 17 1 1 0 1 0 16 3 18 295 0 
Statistic {
    case: pdtswvtma6x4p1.aag,
    time: 158.53s,
    num_blocked: 72108,
    num_mic: 2378,
    num_solver_restart: 52,
    num_down_blocked: 5995,
    mic_drop: success: 4795, fail: 14705, success rate: 24.59%,
    num_ctg_down: 13443,
    num_get_bad_state: 25,
    average_mic_cube_len: 8.48,
    simple_mic_time: 12.472024864s,
    mic_time: 129.32440295s,
    blocked_check_time: 150.321925644s,
    overall_block_time: 138.710411458s,
    overall_propagate_time: 19.614519829s,
}
result: true
[0, 1, 1, 2, 2, 2, 2, 1, 1, 1, 2, 3, 18]
147 18 40 66 136 261 389 583 764 712 401 155 90 
Statistic {
    case: beemlmprt8f1.aag,
    time: 179.69s,
    num_blocked: 99745,
    num_mic: 4247,
    num_solver_restart: 94,
    num_down_blocked: 47318,
    mic_drop: success: 17704, fail: 39890, success rate: 30.74%,
    num_ctg_down: 10180,
    num_get_bad_state: 84,
    average_mic_cube_len: 14.58,
    simple_mic_time: 74.961345018s,
    mic_time: 156.84843331s,
    blocked_check_time: 168.83193201s,
    overall_block_time: 131.510770516s,
    overall_propagate_time: 19.719027528s,
}
result: false
[0, 0, 0, 0, 0, 0, 0]
1307 13 46 28 65 0 1143 0 
Statistic {
    case: intel007.aag,
    time: 232.05s,
    num_blocked: 20656,
    num_mic: 1385,
    num_solver_restart: 19,
    num_down_blocked: 928,
    mic_drop: success: 3133, fail: 4635, success rate: 40.33%,
    num_ctg_down: 6798,
    num_get_bad_state: 5,
    average_mic_cube_len: 6.01,
    simple_mic_time: 10.750403262s,
    mic_time: 191.703649771s,
    blocked_check_time: 201.326587976s,
    overall_block_time: 222.47351093s,
    overall_propagate_time: 9.38995246s,
}
result: true
[0, 0, 0, 0, 0, 0, 0, 0, 0, 0, 0]
1143 1 10 25 101 108 67 84 29 15 4 1 0 95 
Statistic {
    case: pj2016.aag,
    time: 288.05s,
    num_blocked: 10307,
    num_mic: 620,
    num_solver_restart: 6,
    num_down_blocked: 3685,
    mic_drop: success: 1309, fail: 3359, success rate: 28.04%,
    num_ctg_down: 979,
    num_get_bad_state: 104,
    average_mic_cube_len: 7.81,
    simple_mic_time: 88.413817931s,
    mic_time: 201.676292203s,
    blocked_check_time: 267.781065623s,
    overall_block_time: 210.945530375s,
    overall_propagate_time: 76.153557771s,
}
result: true
[0, 1, 1, 1, 1, 1, 1, 1, 1, 1, 1, 1, 1, 1, 1, 1, 1, 1, 1, 1, 1, 1, 1, 1, 1, 1, 1, 1, 1, 1, 1, 1, 1, 1, 1, 1, 1, 1, 1, 1, 1, 1, 1, 1, 1, 1, 1, 1, 1, 1, 1, 1, 1, 1, 1, 1, 1, 1, 1, 1, 1, 1, 1, 1, 1, 1, 1, 1, 1, 1, 1, 1, 1, 1, 1, 1, 1, 1, 1, 1, 1, 1, 1]
160 7 7 13 7 9 9 9 10 7 15 9 6 5 6 28 19 18 27 21 12 31 37 14 46 21 18 43 32 78 50 26 90 47 49 48 42 69 52 37 53 32 36 42 45 75 42 34 52 27 20 24 18 16 4 3 15 10 7 18 18 42 25 14 40 18 18 14 33 53 59 51 52 39 45 47 42 54 36 38 64 89 840 
Statistic {
    case: prodcellp4.aag,
    time: 302.03s,
    num_blocked: 208455,
    num_mic: 4166,
    num_solver_restart: 169,
    num_down_blocked: 17335,
    mic_drop: success: 10608, fail: 21386, success rate: 33.16%,
    num_ctg_down: 14484,
    num_get_bad_state: 1676,
    average_mic_cube_len: 8.62,
    simple_mic_time: 27.901372857s,
    mic_time: 116.953868797s,
    blocked_check_time: 276.633193593s,
    overall_block_time: 123.141754512s,
    overall_propagate_time: 175.937769825s,
}
result: false
[0, 1, 1, 1, 1, 1, 1, 1, 1, 1, 1, 1, 1, 1, 1, 1, 1, 1, 1, 1, 1, 1, 1, 1, 1, 1, 1, 1, 1, 1, 1, 1, 1, 1, 1, 1, 1, 1, 1, 1, 1, 1, 1, 1, 1, 1, 1, 1, 1, 1, 1, 1, 1, 1, 1, 1, 1, 1, 1, 1, 1, 1, 1, 1, 1, 1, 1, 1, 1, 1, 1, 1, 1, 1, 1, 1, 1, 1, 1, 1, 1, 1, 1, 1, 1, 1]
130 8 7 10 4 7 3 4 9 7 15 10 9 7 14 35 30 24 29 27 19 44 29 8 38 15 20 22 52 47 28 39 56 56 39 35 59 69 55 58 59 60 37 48 80 77 76 83 98 87 68 73 32 28 28 10 17 29 22 36 52 45 30 18 36 20 28 35 34 51 45 47 67 66 34 33 46 33 34 26 44 42 57 47 65 1061 
Statistic {
    case: productioncellp0.aag,
    time: 318.18s,
    num_blocked: 269619,
    num_mic: 5288,
    num_solver_restart: 228,
    num_down_blocked: 27046,
    mic_drop: success: 15598, fail: 28990, success rate: 34.98%,
    num_ctg_down: 17317,
    num_get_bad_state: 1762,
    average_mic_cube_len: 9.46,
    simple_mic_time: 34.065666742s,
    mic_time: 120.89585222s,
    blocked_check_time: 290.618024042s,
    overall_block_time: 126.219443096s,
    overall_propagate_time: 191.328781069s,
}
result: false
[0, 0, 0, 0, 0, 0, 0, 0, 0, 0, 0, 0, 0, 0, 0, 0, 0, 0, 0, 0, 0]
2404 7 12 5 12 8 14 9 20 28 49 57 53 38 31 22 21 23 3 0 454 0 
Statistic {
    case: bob05.aag,
    time: 325.76s,
    num_blocked: 26779,
    num_mic: 1785,
    num_solver_restart: 18,
    num_down_blocked: 4791,
    mic_drop: success: 2240, fail: 7050, success rate: 24.11%,
    num_ctg_down: 4307,
    num_get_bad_state: 13,
    average_mic_cube_len: 5.60,
    simple_mic_time: 66.551912003s,
    mic_time: 255.743562497s,
    blocked_check_time: 311.910009059s,
    overall_block_time: 285.140589158s,
    overall_propagate_time: 39.826738982s,
}
result: true
[0, 0, 0, 0, 0, 0, 0, 0, 0, 0, 0, 0, 0, 0, 0, 0, 0, 0, 0, 0, 0, 0, 0, 0, 0, 0, 0, 0, 0, 0, 0, 0, 0, 0, 0, 0, 0, 0, 0, 0, 0, 0, 0, 0, 0, 0, 0, 0, 0, 0, 0, 0, 0, 0, 0, 0, 0, 0, 0, 0, 0, 0, 0, 0, 0, 0, 0, 0, 0, 0, 0, 0, 0, 0, 0, 0, 0, 0, 0, 0, 0, 0, 0, 0, 0, 0, 0, 0, 0, 0, 0, 0, 0, 0, 0, 0, 0, 0, 0, 0, 0, 0, 0, 0, 0, 0, 0, 0, 0, 0, 0, 0, 0, 0, 0, 0, 0, 0, 0, 0, 0, 0, 0, 0, 0, 0, 0, 0, 0, 0, 0, 0, 0, 0, 0, 0, 0, 0, 0, 0, 0, 0, 0, 0, 0, 0, 0, 0, 0, 0, 0, 0, 0, 0, 0, 0, 0, 0, 0, 0, 0, 0, 0, 0, 0, 0, 0, 0, 0, 0, 0, 0, 0, 0, 0, 0, 0, 0, 0, 0, 0, 0, 0, 0, 0, 0, 0, 0, 0, 0, 0]
158 9 6 33 11 9 19 16 18 17 29 24 19 19 23 23 19 15 22 18 16 17 18 17 14 16 17 11 12 12 12 12 13 19 20 15 13 14 20 19 16 20 27 31 25 21 15 21 19 22 24 19 15 18 18 36 17 7 4 8 6 13 15 11 19 18 17 18 19 16 9 8 8 8 14 10 10 8 9 5 6 4 6 6 9 7 3 12 7 8 10 9 10 14 10 11 8 10 8 9 11 11 10 14 18 13 10 8 6 6 6 6 5 3 4 3 4 2 4 2 4 2 4 2 1 1 1 2 1 1 1 1 2 1 2 2 1 1 1 2 1 1 2 1 1 1 2 1 1 1 2 1 2 1 1 3 1 1 1 2 1 1 1 1 1 2 1 1 1 2 1 1 1 1 1 2 1 1 1 1 2 1 3 66 15 11 3 7 3 1 8 0 319 
Statistic {
    case: eijkbs1512.aag,
    time: 374.07s,
    num_blocked: 372861,
    num_mic: 19378,
    num_solver_restart: 280,
    num_down_blocked: 20793,
    mic_drop: success: 15713, fail: 74488, success rate: 17.42%,
    num_ctg_down: 68926,
    num_get_bad_state: 3886,
    average_mic_cube_len: 4.80,
    simple_mic_time: 22.780017183s,
    mic_time: 249.613217535s,
    blocked_check_time: 332.970516588s,
    overall_block_time: 289.788172694s,
    overall_propagate_time: 83.90882981s,
}
result: true
[0, 0, 0, 0, 0, 0, 0]
9801 46 100 33 7 1 1 2 0 163 
Statistic {
    case: 6s404rb1.aag,
    time: 410.97s,
    num_blocked: 5278,
    num_mic: 442,
    num_solver_restart: 2,
    num_down_blocked: 604,
    mic_drop: success: 258, fail: 1615, success rate: 13.77%,
    num_ctg_down: 1210,
    num_get_bad_state: 86,
    average_mic_cube_len: 4.56,
    simple_mic_time: 48.737265414s,
    mic_time: 289.114238418s,
    blocked_check_time: 379.736944301s,
    overall_block_time: 341.97114786s,
    overall_propagate_time: 66.813496377s,
}
result: true
[0, 1, 1, 1, 1, 1, 1, 1, 1, 1, 1, 4, 2, 1, 1, 1, 4, 1, 1, 1, 6, 2, 1, 1, 1, 1, 1, 1, 2, 2, 2, 1, 1, 2, 4, 1, 2, 1, 1, 4, 1, 1, 2, 2, 2, 2, 1, 1, 1, 1, 1, 1, 1, 1, 1, 4, 2, 1, 1, 1, 1, 1, 1, 1, 1, 1, 1, 1, 1]
190 4 3 6 8 13 12 9 11 11 14 17 8 15 8 17 12 13 14 22 15 18 14 17 14 13 9 7 9 13 15 16 9 16 22 61 85 83 74 112 141 128 109 117 190 216 220 206 280 253 191 126 191 155 165 106 84 84 43 34 65 62 60 77 92 77 73 72 2022 
Statistic {
    case: bc57sensorsp2.aag,
    time: 487.38s,
    num_blocked: 312185,
    num_mic: 8425,
    num_solver_restart: 277,
    num_down_blocked: 65451,
    mic_drop: success: 18693, fail: 67565, success rate: 21.67%,
    num_ctg_down: 20754,
    num_get_bad_state: 1393,
    average_mic_cube_len: 10.57,
    simple_mic_time: 106.844959661s,
    mic_time: 277.822833434s,
    blocked_check_time: 434.36591335s,
    overall_block_time: 275.105985551s,
    overall_propagate_time: 199.454738827s,
}
result: false
[0, 0, 0, 0, 0, 0, 0, 0, 0, 0, 0, 0, 0, 0, 0, 0, 0]
2461 5 17 15 18 21 22 10 8 10 7 24 11 1 0 23 242 0 
Statistic {
    case: 6s288r.aag,
    time: 515.40s,
    num_blocked: 12034,
    num_mic: 982,
    num_solver_restart: 4,
    num_down_blocked: 967,
    mic_drop: success: 845, fail: 2906, success rate: 22.53%,
    num_ctg_down: 2691,
    num_get_bad_state: 9,
    average_mic_cube_len: 4.43,
    simple_mic_time: 46.459850053s,
    mic_time: 403.432200596s,
    blocked_check_time: 477.288156304s,
    overall_block_time: 484.878358469s,
    overall_propagate_time: 27.831920589s,
}
result: true
[0, 0, 0, 0, 0, 0, 0, 0, 0, 0, 0, 0, 0, 0, 0, 0, 0, 0, 0, 0, 0, 0, 0, 0, 0, 0, 0, 0, 0, 0, 0, 0, 0, 0, 0, 0, 0, 0]
170 24 27 35 34 47 44 62 84 88 112 129 164 197 152 122 110 86 123 128 129 122 123 112 88 71 61 59 36 9 2 4 1 0 434 128 136 708 0 
Statistic {
    case: beemcmbrdg1f1.aag,
    time: 539.05s,
    num_blocked: 305419,
    num_mic: 10273,
    num_solver_restart: 288,
    num_down_blocked: 82741,
    mic_drop: success: 73830, fail: 69475, success rate: 51.52%,
    num_ctg_down: 60208,
    num_get_bad_state: 23,
    average_mic_cube_len: 14.72,
    simple_mic_time: 126.552400806s,
    mic_time: 416.665543005s,
    blocked_check_time: 496.162855838s,
    overall_block_time: 430.478948924s,
    overall_propagate_time: 108.420226397s,
}
result: true
[0, 0, 0, 0, 0, 0, 0, 0, 0, 0, 0, 0, 0, 0, 0, 0, 0, 0, 0, 0, 0, 0, 0, 0, 0, 0, 0, 0, 0, 0, 0, 0, 0, 0, 0, 0, 0, 0, 0, 0, 0, 0, 0, 0, 0, 0, 0, 0, 0, 0, 0, 0]
492 3 12 4 11 6 4 10 16 9 2 1 1 1 1 1 1 1 1 1 1 1 1 1 1 1 1 1 2 3 12 9 21 24 12 26 49 53 95 85 157 83 592 362 125 95 119 79 10 11 9 0 2619 
Statistic {
    case: intel026.aag,
    time: 551.52s,
    num_blocked: 163807,
    num_mic: 5938,
    num_solver_restart: 141,
    num_down_blocked: 50178,
    mic_drop: success: 9982, fail: 46272, success rate: 17.74%,
    num_ctg_down: 6071,
    num_get_bad_state: 30,
    average_mic_cube_len: 9.97,
    simple_mic_time: 244.399778243s,
    mic_time: 418.757779072s,
    blocked_check_time: 512.830174057s,
    overall_block_time: 428.640353981s,
    overall_propagate_time: 122.385017978s,
}
result: true
[0, 0, 0, 0, 0, 0]
9801 119 223 83 27 40 6 6 0 295 
Statistic {
    case: 6s404rb4.aag,
    time: 790.64s,
    num_blocked: 10560,
    num_mic: 941,
    num_solver_restart: 7,
    num_down_blocked: 1955,
    mic_drop: success: 775, fail: 3226, success rate: 19.37%,
    num_ctg_down: 1921,
    num_get_bad_state: 140,
    average_mic_cube_len: 4.59,
    simple_mic_time: 156.451371339s,
    mic_time: 550.041907768s,
    blocked_check_time: 734.063217115s,
    overall_block_time: 654.706243248s,
    overall_propagate_time: 133.333304466s,
}
result: true
[0, 0, 0, 0, 0, 0, 0, 0, 0, 0, 0, 0, 1, 1]
1184 17 31 18 8 21 47 142 325 291 273 116 26 524 
Statistic {
    case: oc8051topo08.aag,
    time: 998.77s,
    num_blocked: 50577,
    num_mic: 2913,
    num_solver_restart: 44,
    num_down_blocked: 10955,
    mic_drop: success: 7282, fail: 14609, success rate: 33.26%,
    num_ctg_down: 10787,
    num_get_bad_state: 26,
    average_mic_cube_len: 7.97,
    simple_mic_time: 198.667215469s,
    mic_time: 887.946266113s,
    blocked_check_time: 931.1621822s,
    overall_block_time: 958.692386148s,
    overall_propagate_time: 38.743939964s,
}
[0, 0, 0, 0, 0, 0, 0, 0, 0, 0, 0, 0, 0, 0, 0, 0, 0, 0, 0, 0, 0, 0, 0, 0, 0, 0, 0, 0, 0, 0, 0, 0, 0, 0, 0, 0, 0, 0, 0, 0, 0, 0, 0, 0, 0, 0, 0, 0, 1, 17, 26, 1, 1, 1, 1, 1, 1, 1, 1, 1, 1, 1, 1, 1, 1, 1, 1, 1, 1, 1]
1032 33 42 15 13 19 33 31 22 33 31 25 22 19 17 24 20 21 19 16 16 12 16 15 13 12 16 16 19 18 15 17 21 24 19 25 58 103 104 69 72 79 70 62 53 52 51 55 98 85 21 5 5 8 3 4 3 3 3 3 2 3 2 2 2 1 1 2 3 104 
Statistic {
    case: oc8051xiommuo5.aag,
    time: 999.69s,
    num_blocked: 123574,
    num_mic: 5791,
    num_solver_restart: 95,
    num_down_blocked: 10872,
    mic_drop: success: 9175, fail: 29835, success rate: 23.52%,
    num_ctg_down: 28106,
    num_get_bad_state: 93,
    average_mic_cube_len: 7.24,
    simple_mic_time: 76.749186697s,
    mic_time: 828.520791834s,
    blocked_check_time: 888.075267097s,
    overall_block_time: 177.828686666s,
    overall_propagate_time: 49.906118824s,
}
[0, 0, 0, 0, 0, 0, 0, 0, 0]
173 14 8 10 11 18 47 414 2833 7632 
Statistic {
    case: nusmvtcasp3.aag,
    time: 999.91s,
    num_blocked: 447569,
    num_mic: 14899,
    num_solver_restart: 443,
    num_down_blocked: 67467,
    mic_drop: success: 17931, fail: 157913, success rate: 10.20%,
    num_ctg_down: 108331,
    num_get_bad_state: 5832,
    average_mic_cube_len: 11.96,
    simple_mic_time: 146.740302278s,
    mic_time: 924.582485346s,
    blocked_check_time: 865.532161468s,
    overall_block_time: 965.222057025s,
    overall_propagate_time: 25.114477735s,
}
[0, 0, 0, 0, 0, 0, 0, 0, 0, 0, 0, 0, 0, 0, 0, 0, 0, 0, 0, 0, 0, 0, 0, 0, 0, 0, 0, 0, 0, 0, 0, 0, 0, 0, 0, 0, 0, 0]
647 84 147 229 241 274 301 119 90 72 77 96 81 86 79 68 54 44 52 35 34 22 31 41 42 28 28 26 36 19 22 13 16 14 26 61 110 398 0 
Statistic {
    case: intel044.aag,
    time: 999.66s,
    num_blocked: 191326,
    num_mic: 8654,
    num_solver_restart: 176,
    num_down_blocked: 41513,
    mic_drop: success: 18220, fail: 47421, success rate: 27.76%,
    num_ctg_down: 23585,
    num_get_bad_state: 26,
    average_mic_cube_len: 8.10,
    simple_mic_time: 207.2098454s,
    mic_time: 653.734518977s,
    blocked_check_time: 936.459081119s,
    overall_block_time: 697.557176785s,
    overall_propagate_time: 288.114151213s,
}
[0, 0, 0, 0, 0, 0, 0, 0, 0, 0, 0, 0, 0, 0, 0, 0, 0, 0, 0, 0, 0, 0, 0, 0, 0, 0, 0, 0, 0, 0, 0, 0, 0, 0, 0, 2, 1, 2, 2, 15]
647 95 122 174 326 317 309 139 120 86 75 102 78 67 65 71 56 46 30 21 20 15 32 27 29 22 21 13 18 10 19 10 11 11 21 21 56 118 140 471 
Statistic {
    case: intel047.aag,
    time: 999.68s,
    num_blocked: 190331,
    num_mic: 8874,
    num_solver_restart: 170,
    num_down_blocked: 41320,
    mic_drop: success: 18265, fail: 46826, success rate: 28.06%,
    num_ctg_down: 23131,
    num_get_bad_state: 26,
    average_mic_cube_len: 7.85,
    simple_mic_time: 214.073620693s,
    mic_time: 648.096245063s,
    blocked_check_time: 937.235888214s,
    overall_block_time: 657.467556909s,
    overall_propagate_time: 305.592877969s,
}
[0, 0, 0, 0, 0, 0, 0, 0, 0, 0, 0, 0, 0, 0, 0, 0, 0, 0, 0, 0, 0, 0, 0, 0, 0, 0, 0, 0, 0, 0, 0, 0, 0, 0, 0, 0, 0, 0, 0, 0, 0, 0]
647 93 164 176 268 269 262 174 123 116 119 149 129 114 99 52 41 32 34 34 19 17 22 14 13 19 15 14 21 28 41 56 53 34 46 33 29 37 80 73 176 441 0 
Statistic {
    case: intel046.aag,
    time: 999.68s,
    num_blocked: 193683,
    num_mic: 8806,
    num_solver_restart: 173,
    num_down_blocked: 42429,
    mic_drop: success: 18314, fail: 45918, success rate: 28.51%,
    num_ctg_down: 20987,
    num_get_bad_state: 29,
    average_mic_cube_len: 7.75,
    simple_mic_time: 217.001394545s,
    mic_time: 609.963595357s,
    blocked_check_time: 942.531441817s,
    overall_block_time: 651.876904797s,
    overall_propagate_time: 336.007947075s,
}
[0, 0, 0, 0, 0, 0, 0, 0, 0, 0, 0, 0, 0, 0, 0, 0, 0, 0, 0, 0, 0, 0, 0, 0, 0, 0, 0, 0, 0, 0, 0, 0, 0, 0, 0, 0, 0, 0, 0, 0, 0, 0, 0, 0, 0, 0, 0, 0, 0, 0, 0, 0, 0, 0, 0, 0, 0, 0, 0, 0, 0, 0, 0, 0, 0, 0, 0, 0, 0, 2, 63, 252, 2, 6, 42, 343]
63 3 5 6 6 6 6 4 5 4 4 4 6 8 6 7 13 22 26 32 27 28 21 20 26 46 33 11 7 4 7 5 7 2 3 3 4 5 7 38 9 7 12 10 10 13 26 26 29 19 42 50 62 55 58 93 170 209 230 318 339 445 515 520 464 706 966 1388 1553 1771 1859 1422 1084 971 474 158 
Statistic {
    case: cmudme2.aag,
    time: 999.97s,
    num_blocked: 1392886,
    num_mic: 65066,
    num_solver_restart: 1356,
    num_down_blocked: 250362,
    mic_drop: success: 128366, fail: 426242, success rate: 23.15%,
    num_ctg_down: 302164,
    num_get_bad_state: 38,
    average_mic_cube_len: 8.80,
    simple_mic_time: 180.77587067s,
    mic_time: 891.395940998s,
    blocked_check_time: 793.425649099s,
    overall_block_time: 687.442723285s,
    overall_propagate_time: 52.290586737s,
}
[0, 0, 0, 0, 0, 0, 0, 271, 122]
56 16 1657 3199 6310 7612 4946 1145 1414 
Statistic {
    case: beemadd4b1.aag,
    time: 999.97s,
    num_blocked: 657750,
    num_mic: 28120,
    num_solver_restart: 654,
    num_down_blocked: 479749,
    mic_drop: success: 160275, fail: 355839, success rate: 31.05%,
    num_ctg_down: 34997,
    num_get_bad_state: 8,
    average_mic_cube_len: 20.11,
    simple_mic_time: 698.24708645s,
    mic_time: 991.929552395s,
    blocked_check_time: 946.493389609s,
    overall_block_time: 4.170232765s,
    overall_propagate_time: 750.096102ms,
}
[0, 0, 0, 0, 0, 0, 36, 12]
1931 251 1002 1444 1824 1928 1053 2528 
Statistic {
    case: 6s38.aag,
    time: 999.47s,
    num_blocked: 111260,
    num_mic: 12200,
    num_solver_restart: 107,
    num_down_blocked: 15422,
    mic_drop: success: 8121, fail: 35216, success rate: 18.74%,
    num_ctg_down: 25663,
    num_get_bad_state: 297,
    average_mic_cube_len: 3.87,
    simple_mic_time: 141.483030582s,
    mic_time: 711.643281341s,
    blocked_check_time: 886.398560801s,
    overall_block_time: 615.57513846s,
    overall_propagate_time: 111.464653755s,
}
[0, 0, 0, 0, 0, 0, 0, 0, 0, 0, 11, 8, 5, 1]
5606 11 15 67 189 132 165 56 121 25 9 4 1 539 
Statistic {
    case: 6s380b511.aag,
    time: 997.50s,
    num_blocked: 28134,
    num_mic: 1563,
    num_solver_restart: 23,
    num_down_blocked: 4187,
    mic_drop: success: 1335, fail: 9677, success rate: 12.12%,
    num_ctg_down: 6747,
    num_get_bad_state: 8,
    average_mic_cube_len: 7.60,
    simple_mic_time: 176.153261874s,
    mic_time: 902.602390195s,
    blocked_check_time: 971.804611005s,
    overall_block_time: 16.015844351s,
    overall_propagate_time: 7.240333037s,
}
[0, 0, 0, 0, 0, 0, 0, 0, 1, 2, 59]
10669 31 36 65 66 53 74 67 88 66 486 
Statistic {
    case: 6s344rb150.aag,
    time: 995.18s,
    num_blocked: 16899,
    num_mic: 1311,
    num_solver_restart: 10,
    num_down_blocked: 931,
    mic_drop: success: 792, fail: 4355, success rate: 15.39%,
    num_ctg_down: 4047,
    num_get_bad_state: 17,
    average_mic_cube_len: 4.13,
    simple_mic_time: 52.975964882s,
    mic_time: 784.39580757s,
    blocked_check_time: 923.437339267s,
    overall_block_time: 370.937079259s,
    overall_propagate_time: 61.618579637s,
}
[0, 0, 0, 0, 0, 0, 0, 0, 0, 0, 0, 0, 0, 0, 0, 0, 0, 0, 2, 2, 1]
397 9 18 19 31 51 131 233 241 281 385 568 486 439 276 385 430 557 673 725 4069 
Statistic {
    case: 6s310r.aag,
    time: 999.90s,
    num_blocked: 375350,
    num_mic: 18610,
    num_solver_restart: 365,
    num_down_blocked: 79022,
    mic_drop: success: 28897, fail: 125909, success rate: 18.67%,
    num_ctg_down: 75464,
    num_get_bad_state: 3216,
    average_mic_cube_len: 9.17,
    simple_mic_time: 203.593405444s,
    mic_time: 828.071124424s,
    blocked_check_time: 890.585447458s,
    overall_block_time: 802.568840877s,
    overall_propagate_time: 125.229508669s,
}
[0, 0, 0, 0, 0, 0, 0, 0, 0, 0, 0]
4774 21 42 74 193 812 409 622 333 92 718 0 
Statistic {
    case: 6s343b08.aag,
    time: 997.53s,
    num_blocked: 36926,
    num_mic: 3749,
    num_solver_restart: 33,
    num_down_blocked: 3749,
    mic_drop: success: 3040, fail: 10561, success rate: 22.35%,
    num_ctg_down: 9210,
    num_get_bad_state: 16,
    average_mic_cube_len: 3.95,
    simple_mic_time: 100.735567895s,
    mic_time: 698.323297607s,
    blocked_check_time: 921.021950784s,
    overall_block_time: 899.609500278s,
    overall_propagate_time: 71.859255814s,
}
[0, 0, 0, 0, 0, 0, 0, 0, 0, 0, 0, 0, 0]
13679 5 6 12 22 11 11 13 14 164 162 211 780 0 
Statistic {
    case: 6s290.aag,
    time: 993.60s,
    num_blocked: 17113,
    num_mic: 2200,
    num_solver_restart: 14,
    num_down_blocked: 237,
    mic_drop: success: 646, fail: 3519, success rate: 15.51%,
    num_ctg_down: 3840,
    num_get_bad_state: 600,
    average_mic_cube_len: 1.94,
    simple_mic_time: 16.395538181s,
    mic_time: 320.849865071s,
    blocked_check_time: 819.854563915s,
    overall_block_time: 848.331135626s,
    overall_propagate_time: 108.500665795s,
}
[0, 0, 0, 0, 0, 44]
42181 11 11 65 71 58 
Statistic {
    case: 6s221rb14.aag,
    time: 977.53s,
    num_blocked: 3450,
    num_mic: 237,
    num_solver_restart: 2,
    num_down_blocked: 124,
    mic_drop: success: 135, fail: 986, success rate: 12.04%,
    num_ctg_down: 970,
    num_get_bad_state: 8,
    average_mic_cube_len: 4.87,
    simple_mic_time: 28.211574712s,
    mic_time: 745.614209792s,
    blocked_check_time: 827.607212448s,
    overall_block_time: 136.478897655s,
    overall_propagate_time: 26.829928973s,
}
[0, 0, 0, 0, 0, 1, 14, 87]
3012 185 255 682 956 1071 252 439 
Statistic {
    case: 6s207rb28.aag,
    time: 998.10s,
    num_blocked: 39943,
    num_mic: 4737,
    num_solver_restart: 36,
    num_down_blocked: 5309,
    mic_drop: success: 2820, fail: 12169, success rate: 18.81%,
    num_ctg_down: 8293,
    num_get_bad_state: 7,
    average_mic_cube_len: 3.41,
    simple_mic_time: 128.108431347s,
    mic_time: 665.076061977s,
    blocked_check_time: 923.646022626s,
    overall_block_time: 598.675523586s,
    overall_propagate_time: 169.407167807s,
}
[0, 0, 0, 0, 0, 0, 0, 2, 12, 3, 17, 1570, 338, 6, 1]
338 4 63 249 600 921 1002 1138 612 668 2183 489 93 29 441 
Statistic {
    case: 6s109.aag,
    time: 999.40s,
    num_blocked: 176985,
    num_mic: 13618,
    num_solver_restart: 171,
    num_down_blocked: 13619,
    mic_drop: success: 19151, fail: 45077, success rate: 29.82%,
    num_ctg_down: 50441,
    num_get_bad_state: 22,
    average_mic_cube_len: 5.60,
    simple_mic_time: 78.410584907s,
    mic_time: 856.391187585s,
    blocked_check_time: 951.969664627s,
    overall_block_time: 245.308942546s,
    overall_propagate_time: 23.796564463s,
}
